0 info it worked if it ends with ok
1 verbose cli [ 'node', '/usr/local/bin/npm', 'run', 'build' ]
2 info using npm@2.7.5
3 info using node@v0.12.0
4 verbose run-script [ 'prebuild', 'build', 'postbuild' ]
5 info prebuild synapse-react-accordion@0.0.1
6 info build synapse-react-accordion@0.0.1
7 verbose unsafe-perm in lifecycle true
8 info synapse-react-accordion@0.0.1 Failed to exec build script
9 verbose stack Error: synapse-react-accordion@0.0.1 build: `rm -f ./dist/*  && ./node_modules/babel/bin/babel/index.js src --loose --out-dir dist`
9 verbose stack Exit status 1
9 verbose stack     at EventEmitter.<anonymous> (/usr/local/lib/node_modules/npm/lib/utils/lifecycle.js:213:16)
9 verbose stack     at EventEmitter.emit (events.js:110:17)
9 verbose stack     at ChildProcess.<anonymous> (/usr/local/lib/node_modules/npm/lib/utils/spawn.js:14:12)
9 verbose stack     at ChildProcess.emit (events.js:110:17)
9 verbose stack     at maybeClose (child_process.js:1008:16)
9 verbose stack     at Process.ChildProcess._handle.onexit (child_process.js:1080:5)
10 verbose pkgid synapse-react-accordion@0.0.1
11 verbose cwd /Users/kylecesmat/VMs/react-accordion
12 error Darwin 14.3.0
13 error argv "node" "/usr/local/bin/npm" "run" "build"
14 error node v0.12.0
15 error npm  v2.7.5
16 error code ELIFECYCLE
17 error synapse-react-accordion@0.0.1 build: `rm -f ./dist/*  && ./node_modules/babel/bin/babel/index.js src --loose --out-dir dist`
17 error Exit status 1
18 error Failed at the synapse-react-accordion@0.0.1 build script 'rm -f ./dist/*  && ./node_modules/babel/bin/babel/index.js src --loose --out-dir dist'.
18 error This is most likely a problem with the synapse-react-accordion package,
18 error not with npm itself.
18 error Tell the author that this fails on your system:
18 error     rm -f ./dist/*  && ./node_modules/babel/bin/babel/index.js src --loose --out-dir dist
18 error You can get their info via:
18 error     npm owner ls synapse-react-accordion
18 error There is likely additional logging output above.
19 verbose exit [ 1, true ]
